# This is a trace log created by src/lib/src/lib/thread-kit/src/lib/tracing.pkg
# print_if line fields are:
# 
#     timestamp in seconds:   thread name:   message   (foo::tracing)
# 
# You can suppress such a message via:   tracing::disable foo::tracing
# You can reenable such a message via:   tracing::enable foo::tracing
# You can enable all the messages via:   tracing::enable tracing::all_tracing
# See also:  Comments in src/lib/src/lib/thread-kit/src/lib/tracing.api

1262740918.263439:  thread_scheduler_control start_up: inetConn: address = "127.0.0.1", port = 6010    	(xdebug::io_tracing)
1262740918.263688:  thread_scheduler_control start_up: initializing connection to "localhost:10.0"    	(xdebug::io_tracing)
1262740918.263757:  thread_scheduler_control start_up: reading connection reply header    	(xdebug::io_tracing)
1262740918.264239:  thread_scheduler_control start_up: reading connection reply body (2124 bytes)    	(xdebug::io_tracing)

1262740918.264340:  xdebug III:         xspawn Sequencer [000008]    	(xdebug::xspawn_tracing)
1262740918.264367:  xdebug III:         xspawn Inbuf [000010]    	(xdebug::xspawn_tracing)
1262740918.264390:  xdebug III:         xspawn Outbuf [000012]    	(xdebug::xspawn_tracing)
1262740918.282652:  xdebug III:         xspawn XEventBuffer [000014]    	(xdebug::xspawn_tracing)

1262740918.282674:  xdebug III:         outbuf::loop: waiting 0    	(xdebug::io_tracing)
1262740918.282698:  thread_deathwatch:  WARNING!  Watched thread Inbuf[000010] has died.    	(thread_deathwatch::tracing)
1262740918.282719:  xdebug III:         xspawn ResourceIdAlloc [000016]    	(xdebug::xspawn_tracing)
1262740918.282746:  xdebug III:         xspawn errHandler [000018]    	(xdebug::xspawn_tracing)

1262740918.282769:  xdebug III:         xspawn keymap_imp [000020]    	(xdebug::xspawn_tracing)
1262740918.282795:  xdebug III:         outbuf::loop: OutMsg "77.7F.00.01..." (4 bytes)    	(xdebug::io_tracing)
1262740918.282824:  xdebug III:         xspawn property_imp [000023]    	(xdebug::xspawn_tracing)
1262740918.282846:  xdebug III:         outbuf::loop: waiting 1    	(xdebug::io_tracing)

1262740918.282868:  xdebug III:         xspawn selection_imp [000025]    	(xdebug::xspawn_tracing)
1262740918.282891:  xdebug III:         outbuf::loop: OutFlush    	(xdebug::io_tracing)
1262740918.282916:  xdebug III:         xspawn WinReg [000027]    	(xdebug::xspawn_tracing)
1262740918.282937:  xdebug III:         Flush: 1 msgs, 4 bytes.    	(xdebug::io_tracing)

1262740918.282955:  xdebug III:         Winreg::loop: waiting.    	(xdebug::winreg_tracing)
1262740918.282994:  xdebug III:         outbuf::loop: waiting 0    	(xdebug::io_tracing)
1262740918.283022:  xdebug III:         xspawn gc_imp [000029]    	(xdebug::xspawn_tracing)
1262740918.283043:  xdebug III:         outbuf::loop: OutMsg "37.FD.00.04..." (16 bytes)    	(xdebug::io_tracing)

1262740918.283073:  xdebug III:         outbuf::loop: waiting 1    	(xdebug::io_tracing)
1262740918.283100:  xdebug III:         xspawn DrawMaster [000032]    	(xdebug::xspawn_tracing)
1262740918.283121:  xdebug III:         outbuf::loop: OutMsg "35.01.00.04..." (16 bytes)    	(xdebug::io_tracing)
1262740918.283149:  xdebug III:         outbuf::loop: waiting 2    	(xdebug::io_tracing)

1262740918.283170:  xdebug III:         outbuf::loop: OutMsg "37.90.00.04..." (16 bytes)    	(xdebug::io_tracing)
1262740918.283264:  xdebug III:         xspawn gc_imp [000034]    	(xdebug::xspawn_tracing)
1262740918.283283:  xdebug III:         outbuf::loop: waiting 3    	(xdebug::io_tracing)
1262740918.283307:  xdebug III:         outbuf::loop: OutMsg "35.04.00.04..." (16 bytes)    	(xdebug::io_tracing)

1262740918.283327:  xdebug III:         xspawn DrawMaster [000037]    	(xdebug::xspawn_tracing)
1262740918.283348:  xdebug III:         outbuf::loop: waiting 4    	(xdebug::io_tracing)
1262740918.283368:  xdebug III:         outbuf::loop: OutMsg "37.C8.00.04..." (16 bytes)    	(xdebug::io_tracing)
1262740918.283389:  xdebug III:         xspawn gc_imp [000039]    	(xdebug::xspawn_tracing)

1262740918.283408:  xdebug III:         outbuf::loop: waiting 5    	(xdebug::io_tracing)
1262740918.283450:  xdebug III:         outbuf::loop: OutMsg "35.08.00.04..." (16 bytes)    	(xdebug::io_tracing)
1262740918.283471:  xdebug III:         xspawn DrawMaster [000042]    	(xdebug::xspawn_tracing)
1262740918.283492:  xdebug III:         outbuf::loop: waiting 6    	(xdebug::io_tracing)

1262740918.283512:  xdebug III:         outbuf::loop: OutMsg "37.32.00.04..." (16 bytes)    	(xdebug::io_tracing)
1262740918.283533:  xdebug III:         xspawn gc_imp [000044]    	(xdebug::xspawn_tracing)
1262740918.283552:  xdebug III:         outbuf::loop: waiting 7    	(xdebug::io_tracing)
1262740918.283574:  xdebug III:         outbuf::loop: OutMsg "35.0F.00.04..." (16 bytes)    	(xdebug::io_tracing)

1262740918.283594:  xdebug III:         xspawn DrawMaster [000047]    	(xdebug::xspawn_tracing)
1262740918.283615:  xdebug III:         outbuf::loop: waiting 8    	(xdebug::io_tracing)
1262740918.283635:  xdebug III:         outbuf::loop: OutMsg "37.11.00.04..." (16 bytes)    	(xdebug::io_tracing)
1262740918.283656:  xdebug III:         xspawn gc_imp [000049]    	(xdebug::xspawn_tracing)

1262740918.283674:  xdebug III:         outbuf::loop: waiting 9    	(xdebug::io_tracing)
1262740918.283749:  xdebug III:         outbuf::loop: OutMsg "35.10.00.04..." (16 bytes)    	(xdebug::io_tracing)
1262740918.283770:  xdebug III:         xspawn DrawMaster [000052]    	(xdebug::xspawn_tracing)
1262740918.283791:  xdebug III:         outbuf::loop: waiting 10    	(xdebug::io_tracing)

1262740918.283812:  xdebug III:         outbuf::loop: OutMsg "37.00.00.04..." (16 bytes)    	(xdebug::io_tracing)
1262740918.283833:  xdebug III:         xspawn gc_imp [000054]    	(xdebug::xspawn_tracing)
1262740918.283851:  xdebug III:         outbuf::loop: waiting 11    	(xdebug::io_tracing)
1262740918.283873:  xdebug III:         outbuf::loop: OutMsg "35.20.00.04..." (16 bytes)    	(xdebug::io_tracing)

1262740918.283893:  xdebug III:         xspawn DrawMaster [000057]    	(xdebug::xspawn_tracing)
1262740918.283914:  xdebug III:         outbuf::loop: waiting 12    	(xdebug::io_tracing)
1262740918.283935:  xdebug III:         outbuf::loop: OutMsg "37.00.00.04..." (16 bytes)    	(xdebug::io_tracing)
1262740918.283956:  xdebug III:         xspawn gc_imp [000059]    	(xdebug::xspawn_tracing)

1262740918.283974:  xdebug III:         outbuf::loop: waiting 13    	(xdebug::io_tracing)
1262740918.283999:  xdebug III:         xspawn DrawMaster [000062]    	(xdebug::xspawn_tracing)
1262740918.284021:  xdebug III:         xspawn color_imp [000064]    	(xdebug::xspawn_tracing)
1262740918.284045:  xdebug III:         xspawn font_imp [000066]    	(xdebug::xspawn_tracing)

1262740918.284066:  xdebug III:         xspawn image_imp [000068]    	(xdebug::xspawn_tracing)
1262740918.284088:  xdebug III:         xspawn tile_imp [000070]    	(xdebug::xspawn_tracing)
1262740918.284108:  xdebug III:         xspawn shade_imp [000072]    	(xdebug::xspawn_tracing)
1262740918.284171:  xdebug III:         xspawn shell [000077]    	(xdebug::xspawn_tracing)

1262740918.284286:  xdebug III:         xspawn DrawMaster [000079]    	(xdebug::xspawn_tracing)
1262740918.284311:  xdebug III:         Winreg::loop: waiting.    	(xdebug::winreg_tracing)
1262740918.284339:  xdebug III:         outbuf::loop: OutMsg "01.18.00.0B..." (44 bytes)    	(xdebug::io_tracing)
1262740918.284360:  xdebug III:         xspawn TopLevelWin::router [000082]    	(xdebug::xspawn_tracing)

1262740918.284387:  xdebug III:         outbuf::loop: waiting 14    	(xdebug::io_tracing)
1262740918.284404:  xdebug III:         initRouter: winId = 280000D    	(xdebug::toplevel_tracing)
1262740918.284424:  xdebug III:         outbuf::loop: OutMsg "12.00.00.08..." (32 bytes)    	(xdebug::io_tracing)
1262740918.284446:  xdebug III:         outbuf::loop: waiting 15    	(xdebug::io_tracing)

1262740918.284471:  xdebug III:         outbuf::loop: OutMsg "12.00.00.08..." (32 bytes)    	(xdebug::io_tracing)
1262740918.284492:  xdebug III:         outbuf::loop: waiting 16    	(xdebug::io_tracing)
1262740918.284521:  xdebug III:         outbuf::loop: OutMsg "12.00.00.18..." (96 bytes)    	(xdebug::io_tracing)
1262740918.284543:  xdebug III:         outbuf::loop: waiting 17    	(xdebug::io_tracing)

1262740918.284565:  xdebug III:         outbuf::loop: OutMsg "12.00.00.0F..." (60 bytes)    	(xdebug::io_tracing)
1262740918.284586:  xdebug III:         outbuf::loop: waiting 18    	(xdebug::io_tracing)
1262740918.284605:  xdebug III:         outbuf::loop: OutMsg "10.00.00.06..." (24 bytes)    	(xdebug::io_tracing)
1262740918.284625:  xdebug III:         outbuf::loop: waiting 19    	(xdebug::io_tracing)

1262740918.284643:  xdebug III:         outbuf::loop: OutFlush    	(xdebug::io_tracing)
1262740918.284660:  xdebug III:         Flush: 19 msgs, 496 bytes.    	(xdebug::io_tracing)
1262740918.284685:  xdebug III:         outbuf::loop: waiting 0    	(xdebug::io_tracing)
1262740918.284714:  xshutdown:          [000006] ***** shutdown *****    	(xdebug::lib_tracing)

1262740918.284737:  xshutdown:          close connection.    	(xdebug::io_tracing)
1262740918.284754:  xdebug III:         outbuf::loop: OutFlush    	(xdebug::io_tracing)
1262740918.284771:  xdebug III:         outbuf::loop: waiting 0    	(xdebug::io_tracing)
1262740918.284814:  xdebug III:         outbuf::loop: OutQuit    	(xdebug::io_tracing)
